<?xml version="1.0" encoding="UTF-8"?>
<!-- Generated by org.testng.reporters.JUnitXMLReporter -->
<testsuite ignored="0" hostname="IN2-1034567LT" failures="0" tests="2" name="Default test" time="63.215" errors="0" timestamp="2022-08-22T23:00:59 IST">
  <testcase classname="testlogic.BaseTestNG" name="BaseTestNGExecutor on [BaseTestNG passed=0 failed=0 skipped=0]" time="25.618"/>
  <testcase classname="testlogic.BaseTestNG" name="BaseTestNGExecutor on [BaseTestNG passed=0 failed=0 skipped=0]" time="35.852"/>
</testsuite> <!-- Default test -->
