<?xml version="1.0" encoding="UTF-8"?>
<!-- Generated by org.testng.reporters.JUnitXMLReporter -->
<testsuite ignored="0" hostname="IN2-1034514LT" failures="2" tests="51" name="Default test" time="2374.166" errors="0" timestamp="2022-09-14T00:02:40 IST">
  <testcase classname="testlogic.BaseTestNG" name="BaseTestNGExecutor on [BaseTestNG passed=0 failed=0 skipped=0]" time="49.499"/>
  <testcase classname="testlogic.BaseTestNG" name="BaseTestNGExecutor on [BaseTestNG passed=0 failed=0 skipped=0]" time="42.584"/>
  <testcase classname="testlogic.BaseTestNG" name="BaseTestNGExecutor on [BaseTestNG passed=0 failed=0 skipped=0]" time="45.833"/>
  <testcase classname="testlogic.BaseTestNG" name="BaseTestNGExecutor on [BaseTestNG passed=0 failed=0 skipped=0]" time="46.889"/>
  <testcase classname="testlogic.BaseTestNG" name="BaseTestNGExecutor on [BaseTestNG passed=0 failed=0 skipped=0]" time="26.589"/>
  <testcase classname="testlogic.BaseTestNG" name="BaseTestNGExecutor on [BaseTestNG passed=0 failed=0 skipped=0]" time="33.49"/>
  <testcase classname="testlogic.BaseTestNG" name="BaseTestNGExecutor on [BaseTestNG passed=0 failed=0 skipped=0]" time="55.25"/>
  <testcase classname="testlogic.BaseTestNG" name="BaseTestNGExecutor on [BaseTestNG passed=0 failed=0 skipped=0]" time="54.128"/>
  <testcase classname="testlogic.BaseTestNG" name="BaseTestNGExecutor on [BaseTestNG passed=0 failed=0 skipped=0]" time="51.281"/>
  <testcase classname="testlogic.BaseTestNG" name="BaseTestNGExecutor on [BaseTestNG passed=0 failed=0 skipped=0]" time="54.706"/>
  <testcase classname="testlogic.BaseTestNG" name="BaseTestNGExecutor on [BaseTestNG passed=0 failed=0 skipped=0]" time="46.041"/>
  <testcase classname="testlogic.BaseTestNG" name="BaseTestNGExecutor on [BaseTestNG passed=0 failed=0 skipped=0]" time="31.929"/>
  <testcase classname="testlogic.BaseTestNG" name="BaseTestNGExecutor on [BaseTestNG passed=0 failed=0 skipped=0]" time="43.182"/>
  <testcase classname="testlogic.BaseTestNG" name="BaseTestNGExecutor on [BaseTestNG passed=0 failed=0 skipped=0]" time="51.431"/>
  <testcase classname="testlogic.BaseTestNG" name="BaseTestNGExecutor on [BaseTestNG passed=0 failed=0 skipped=0]" time="52.994"/>
  <testcase classname="testlogic.BaseTestNG" name="BaseTestNGExecutor on [BaseTestNG passed=0 failed=0 skipped=0]" time="41.495"/>
  <testcase classname="testlogic.BaseTestNG" name="BaseTestNGExecutor on [BaseTestNG passed=0 failed=0 skipped=0]" time="55.555"/>
  <testcase classname="testlogic.BaseTestNG" name="BaseTestNGExecutor on [BaseTestNG passed=0 failed=0 skipped=0]" time="46.26"/>
  <testcase classname="testlogic.BaseTestNG" name="BaseTestNGExecutor on [BaseTestNG passed=0 failed=0 skipped=0]" time="42.849"/>
  <testcase classname="testlogic.BaseTestNG" name="BaseTestNGExecutor on [BaseTestNG passed=0 failed=0 skipped=0]" time="45.786"/>
  <testcase classname="testlogic.BaseTestNG" name="BaseTestNGExecutor on [BaseTestNG passed=0 failed=0 skipped=0]" time="27.5"/>
  <testcase classname="testlogic.BaseTestNG" name="BaseTestNGExecutor on [BaseTestNG passed=0 failed=0 skipped=0]" time="28.139"/>
  <testcase classname="testlogic.BaseTestNG" name="BaseTestNGExecutor on [BaseTestNG passed=0 failed=0 skipped=0]" time="38.457"/>
  <testcase classname="testlogic.BaseTestNG" name="BaseTestNGExecutor on [BaseTestNG passed=0 failed=0 skipped=0]" time="54.031"/>
  <testcase classname="testlogic.BaseTestNG" name="BaseTestNGExecutor on [BaseTestNG passed=0 failed=0 skipped=0]" time="24.638"/>
  <testcase classname="testlogic.BaseTestNG" name="BaseTestNGExecutor on [BaseTestNG passed=0 failed=0 skipped=0]" time="40.19"/>
  <testcase classname="testlogic.BaseTestNG" name="BaseTestNGExecutor on [BaseTestNG passed=0 failed=0 skipped=0]" time="144.028">
    <failure type="java.lang.AssertionError" message="null">
      <![CDATA[java.lang.AssertionError: null
at org.testng.Assert.fail(Assert.java:99)
at org.testng.Assert.fail(Assert.java:106)
at testlogic.BaseTestNG.BaseTestNGExecutor(BaseTestNG.java:131)
at java.base/jdk.internal.reflect.DirectMethodHandleAccessor.invoke(DirectMethodHandleAccessor.java:104)
at java.base/java.lang.reflect.Method.invoke(Method.java:577)
at org.testng.internal.MethodInvocationHelper.invokeMethod(MethodInvocationHelper.java:133)
at org.testng.internal.TestInvoker.invokeMethod(TestInvoker.java:598)
at org.testng.internal.TestInvoker.invokeTestMethod(TestInvoker.java:173)
at org.testng.internal.MethodRunner.runInSequence(MethodRunner.java:46)
at org.testng.internal.TestInvoker$MethodInvocationAgent.invoke(TestInvoker.java:824)
at org.testng.internal.TestInvoker.invokeTestMethods(TestInvoker.java:146)
at org.testng.internal.TestMethodWorker.invokeTestMethods(TestMethodWorker.java:146)
at org.testng.internal.TestMethodWorker.run(TestMethodWorker.java:128)
at java.base/java.util.ArrayList.forEach(ArrayList.java:1511)
at org.testng.TestRunner.privateRun(TestRunner.java:794)
at org.testng.TestRunner.run(TestRunner.java:596)
at org.testng.SuiteRunner.runTest(SuiteRunner.java:377)
at org.testng.SuiteRunner.runSequentially(SuiteRunner.java:371)
at org.testng.SuiteRunner.privateRun(SuiteRunner.java:332)
at org.testng.SuiteRunner.run(SuiteRunner.java:276)
at org.testng.SuiteRunnerWorker.runSuite(SuiteRunnerWorker.java:53)
at org.testng.SuiteRunnerWorker.run(SuiteRunnerWorker.java:96)
at org.testng.TestNG.runSuitesSequentially(TestNG.java:1212)
at org.testng.TestNG.runSuitesLocally(TestNG.java:1134)
at org.testng.TestNG.runSuites(TestNG.java:1063)
at org.testng.TestNG.run(TestNG.java:1031)
at org.testng.remote.AbstractRemoteTestNG.run(AbstractRemoteTestNG.java:115)
at org.testng.remote.RemoteTestNG.initAndRun(RemoteTestNG.java:251)
at org.testng.remote.RemoteTestNG.main(RemoteTestNG.java:77)
]]>
    </failure>
  </testcase> <!-- BaseTestNGExecutor on [BaseTestNG passed=0 failed=0 skipped=0] -->
  <testcase classname="testlogic.BaseTestNG" name="BaseTestNGExecutor on [BaseTestNG passed=0 failed=0 skipped=0]" time="46.314"/>
  <testcase classname="testlogic.BaseTestNG" name="BaseTestNGExecutor on [BaseTestNG passed=0 failed=0 skipped=0]" time="43.662"/>
  <testcase classname="testlogic.BaseTestNG" name="BaseTestNGExecutor on [BaseTestNG passed=0 failed=0 skipped=0]" time="42.337"/>
  <testcase classname="testlogic.BaseTestNG" name="BaseTestNGExecutor on [BaseTestNG passed=0 failed=0 skipped=0]" time="47.918"/>
  <testcase classname="testlogic.BaseTestNG" name="BaseTestNGExecutor on [BaseTestNG passed=0 failed=0 skipped=0]" time="50.354"/>
  <testcase classname="testlogic.BaseTestNG" name="BaseTestNGExecutor on [BaseTestNG passed=0 failed=0 skipped=0]" time="179.507">
    <failure type="java.lang.AssertionError" message="null">
      <![CDATA[java.lang.AssertionError: null
at org.testng.Assert.fail(Assert.java:99)
at org.testng.Assert.fail(Assert.java:106)
at testlogic.BaseTestNG.BaseTestNGExecutor(BaseTestNG.java:131)
at java.base/jdk.internal.reflect.DirectMethodHandleAccessor.invoke(DirectMethodHandleAccessor.java:104)
at java.base/java.lang.reflect.Method.invoke(Method.java:577)
at org.testng.internal.MethodInvocationHelper.invokeMethod(MethodInvocationHelper.java:133)
at org.testng.internal.TestInvoker.invokeMethod(TestInvoker.java:598)
at org.testng.internal.TestInvoker.invokeTestMethod(TestInvoker.java:173)
at org.testng.internal.MethodRunner.runInSequence(MethodRunner.java:46)
at org.testng.internal.TestInvoker$MethodInvocationAgent.invoke(TestInvoker.java:824)
at org.testng.internal.TestInvoker.invokeTestMethods(TestInvoker.java:146)
at org.testng.internal.TestMethodWorker.invokeTestMethods(TestMethodWorker.java:146)
at org.testng.internal.TestMethodWorker.run(TestMethodWorker.java:128)
at java.base/java.util.ArrayList.forEach(ArrayList.java:1511)
at org.testng.TestRunner.privateRun(TestRunner.java:794)
at org.testng.TestRunner.run(TestRunner.java:596)
at org.testng.SuiteRunner.runTest(SuiteRunner.java:377)
at org.testng.SuiteRunner.runSequentially(SuiteRunner.java:371)
at org.testng.SuiteRunner.privateRun(SuiteRunner.java:332)
at org.testng.SuiteRunner.run(SuiteRunner.java:276)
at org.testng.SuiteRunnerWorker.runSuite(SuiteRunnerWorker.java:53)
at org.testng.SuiteRunnerWorker.run(SuiteRunnerWorker.java:96)
at org.testng.TestNG.runSuitesSequentially(TestNG.java:1212)
at org.testng.TestNG.runSuitesLocally(TestNG.java:1134)
at org.testng.TestNG.runSuites(TestNG.java:1063)
at org.testng.TestNG.run(TestNG.java:1031)
at org.testng.remote.AbstractRemoteTestNG.run(AbstractRemoteTestNG.java:115)
at org.testng.remote.RemoteTestNG.initAndRun(RemoteTestNG.java:251)
at org.testng.remote.RemoteTestNG.main(RemoteTestNG.java:77)
]]>
    </failure>
  </testcase> <!-- BaseTestNGExecutor on [BaseTestNG passed=0 failed=0 skipped=0] -->
  <testcase classname="testlogic.BaseTestNG" name="BaseTestNGExecutor on [BaseTestNG passed=0 failed=0 skipped=0]" time="45.831"/>
  <testcase classname="testlogic.BaseTestNG" name="BaseTestNGExecutor on [BaseTestNG passed=0 failed=0 skipped=0]" time="24.49"/>
  <testcase classname="testlogic.BaseTestNG" name="BaseTestNGExecutor on [BaseTestNG passed=0 failed=0 skipped=0]" time="30.376"/>
  <testcase classname="testlogic.BaseTestNG" name="BaseTestNGExecutor on [BaseTestNG passed=0 failed=0 skipped=0]" time="65.793"/>
  <testcase classname="testlogic.BaseTestNG" name="BaseTestNGExecutor on [BaseTestNG passed=0 failed=0 skipped=0]" time="52.721"/>
  <testcase classname="testlogic.BaseTestNG" name="BaseTestNGExecutor on [BaseTestNG passed=0 failed=0 skipped=0]" time="31.071"/>
  <testcase classname="testlogic.BaseTestNG" name="BaseTestNGExecutor on [BaseTestNG passed=0 failed=0 skipped=0]" time="57.705"/>
  <testcase classname="testlogic.BaseTestNG" name="BaseTestNGExecutor on [BaseTestNG passed=0 failed=0 skipped=0]" time="25.801"/>
  <testcase classname="testlogic.BaseTestNG" name="BaseTestNGExecutor on [BaseTestNG passed=0 failed=0 skipped=0]" time="26.896"/>
  <testcase classname="testlogic.BaseTestNG" name="BaseTestNGExecutor on [BaseTestNG passed=0 failed=0 skipped=0]" time="27.047"/>
  <testcase classname="testlogic.BaseTestNG" name="BaseTestNGExecutor on [BaseTestNG passed=0 failed=0 skipped=0]" time="23.671"/>
  <testcase classname="testlogic.BaseTestNG" name="BaseTestNGExecutor on [BaseTestNG passed=0 failed=0 skipped=0]" time="45.284"/>
  <testcase classname="testlogic.BaseTestNG" name="BaseTestNGExecutor on [BaseTestNG passed=0 failed=0 skipped=0]" time="47.626"/>
  <testcase classname="testlogic.BaseTestNG" name="BaseTestNGExecutor on [BaseTestNG passed=0 failed=0 skipped=0]" time="25.938"/>
  <testcase classname="testlogic.BaseTestNG" name="BaseTestNGExecutor on [BaseTestNG passed=0 failed=0 skipped=0]" time="46.062"/>
  <testcase classname="testlogic.BaseTestNG" name="BaseTestNGExecutor on [BaseTestNG passed=0 failed=0 skipped=0]" time="46.629"/>
  <testcase classname="testlogic.BaseTestNG" name="BaseTestNGExecutor on [BaseTestNG passed=0 failed=0 skipped=0]" time="22.975"/>
  <testcase classname="testlogic.BaseTestNG" name="BaseTestNGExecutor on [BaseTestNG passed=0 failed=0 skipped=0]" time="24.338"/>
</testsuite> <!-- Default test -->
