<?xml version="1.0" encoding="UTF-8"?>
<testng-results ignored="0" total="1" passed="1" failed="0" skipped="0">
  <reporter-output>
  </reporter-output>
  <suite started-at="2022-09-05T19:01:05 IST" name="Default suite" finished-at="2022-09-05T19:01:36 IST" duration-ms="31614">
    <groups>
    </groups>
    <test started-at="2022-09-05T19:01:05 IST" name="Default test" finished-at="2022-09-05T19:01:36 IST" duration-ms="31614">
      <class name="testlogic.BaseTestNG">
        <test-method is-config="true" signature="killProcess()[pri:0, instance:[BaseTestNG passed=0 failed=0 skipped=0]]" started-at="2022-09-05T19:01:05 IST" name="killProcess" finished-at="2022-09-05T19:01:05 IST" duration-ms="12" status="PASS">
          <reporter-output>
          </reporter-output>
        </test-method> <!-- killProcess -->
        <test-method is-config="true" signature="beforeMethod(java.lang.reflect.Method)[pri:0, instance:[BaseTestNG passed=0 failed=0 skipped=0]]" started-at="2022-09-05T19:01:06 IST" name="beforeMethod" finished-at="2022-09-05T19:01:06 IST" duration-ms="150" status="PASS">
          <params>
            <param index="0">
              <value>
                <![CDATA[public void testlogic.BaseTestNG.BaseTestNGExecutor(java.util.List)]]>
              </value>
            </param>
          </params>
          <reporter-output>
          </reporter-output>
        </test-method> <!-- beforeMethod -->
        <test-method signature="BaseTestNGExecutor(java.util.List)[pri:0, instance:[BaseTestNG passed=0 failed=0 skipped=0]]" started-at="2022-09-05T19:01:06 IST" name="BaseTestNGExecutor" data-provider="DataProvider" finished-at="2022-09-05T19:01:36 IST" duration-ms="30304" status="PASS">
          <params>
            <param index="0">
              <value>
                <![CDATA[[{RowNumber=2, Description=TC01_Lead Time Analysis_Filter_Check if the drop down has data, CallSequence=login, TestCaseID=APPM_TC01, Iteration=Iteration1, DataSheet=APPM_TestData, SuiteFileName=C:\Users\1034567\Documents\PowerBI_UIAutomation_BY\test-data\ExecutionController.xlsx}, {RowNumber=3, Description=TC01_Lead Time Analysis_Filter_Check if the drop down has data, CallSequence=gotoLeadTimeAnalysis_APPM, TestCaseID=APPM_TC01, Iteration=Iteration1, DataSheet=APPM_TestData, SuiteFileName=C:\Users\1034567\Documents\PowerBI_UIAutomation_BY\test-data\ExecutionController.xlsx}, {RowNumber=4, Description=TC01_Lead Time Analysis_Filter_Check if the drop down has data, CallSequence=gotoSupplierLeadTime_APPM, TestCaseID=APPM_TC01, Iteration=Iteration1, DataSheet=APPM_TestData, SuiteFileName=C:\Users\1034567\Documents\PowerBI_UIAutomation_BY\test-data\ExecutionController.xlsx}, {RowNumber=5, Description=TC01_Lead Time Analysis_Filter_Check if the drop down has data, CallSequence=validateDropDownHasData_APPM, TestCaseID=APPM_TC01, Iteration=Iteration1, DataSheet=APPM_TestData, SuiteFileName=C:\Users\1034567\Documents\PowerBI_UIAutomation_BY\test-data\ExecutionController.xlsx}]]]>
              </value>
            </param>
          </params>
          <reporter-output>
          </reporter-output>
        </test-method> <!-- BaseTestNGExecutor -->
        <test-method is-config="true" signature="afterMethod(org.testng.ITestResult)[pri:0, instance:[BaseTestNG passed=0 failed=0 skipped=0]]" started-at="2022-09-05T19:01:36 IST" name="afterMethod" finished-at="2022-09-05T19:01:36 IST" duration-ms="270" status="PASS">
          <params>
            <param index="0">
              <value>
                <![CDATA[[TestResult name=BaseTestNGExecutor on [BaseTestNG passed=0 failed=0 skipped=0] status=SUCCESS method=BaseTestNG.BaseTestNGExecutor(java.util.List)[pri:0, instance:[BaseTestNG passed=0 failed=0 skipped=0]] output={null}]]]>
              </value>
            </param>
          </params>
          <reporter-output>
          </reporter-output>
        </test-method> <!-- afterMethod -->
        <test-method is-config="true" signature="afterSuite()[pri:0, instance:[BaseTestNG passed=0 failed=0 skipped=0]]" started-at="2022-09-05T19:01:36 IST" name="afterSuite" finished-at="2022-09-05T19:01:37 IST" duration-ms="350" status="PASS">
          <reporter-output>
          </reporter-output>
        </test-method> <!-- afterSuite -->
      </class> <!-- testlogic.BaseTestNG -->
    </test> <!-- Default test -->
  </suite> <!-- Default suite -->
</testng-results>
