<?xml version="1.0" encoding="UTF-8"?>
<testng-results ignored="0" total="2" passed="2" failed="0" skipped="0">
  <reporter-output>
  </reporter-output>
  <suite started-at="2022-09-01T22:22:17 IST" name="Default suite" finished-at="2022-09-01T22:23:17 IST" duration-ms="59621">
    <groups>
    </groups>
    <test started-at="2022-09-01T22:22:17 IST" name="Default test" finished-at="2022-09-01T22:23:17 IST" duration-ms="59621">
      <class name="testlogic.BaseTestNG">
        <test-method is-config="true" signature="killProcess()[pri:0, instance:[BaseTestNG passed=0 failed=0 skipped=0]]" started-at="2022-09-01T22:22:17 IST" name="killProcess" finished-at="2022-09-01T22:22:17 IST" duration-ms="30" status="PASS">
          <reporter-output>
          </reporter-output>
        </test-method> <!-- killProcess -->
        <test-method is-config="true" signature="beforeMethod(java.lang.reflect.Method)[pri:0, instance:[BaseTestNG passed=0 failed=0 skipped=0]]" started-at="2022-09-01T22:22:20 IST" name="beforeMethod" finished-at="2022-09-01T22:22:20 IST" duration-ms="190" status="PASS">
          <params>
            <param index="0">
              <value>
                <![CDATA[public void testlogic.BaseTestNG.BaseTestNGExecutor(java.util.List)]]>
              </value>
            </param>
          </params>
          <reporter-output>
          </reporter-output>
        </test-method> <!-- beforeMethod -->
        <test-method signature="BaseTestNGExecutor(java.util.List)[pri:0, instance:[BaseTestNG passed=0 failed=0 skipped=0]]" started-at="2022-09-01T22:22:20 IST" name="BaseTestNGExecutor" data-provider="DataProvider" finished-at="2022-09-01T22:22:49 IST" duration-ms="29401" status="PASS">
          <params>
            <param index="0">
              <value>
                <![CDATA[[{RowNumber=356, Description=TC21_Check if all chart titles are free from typo errors, CallSequence=login, TestCaseID=SpacePlan_TC21, Iteration=Iteration1, DataSheet=SPlanning_Testdata, SuiteFileName=C:\Users\1034567\Documents\PowerBI_UIAutomation\test-data\ExecutionController.xlsx}, {RowNumber=357, Description=TC21_Check if all chart titles are free from typo errors, CallSequence=clickonSpaceProductivity_Space, TestCaseID=SpacePlan_TC21, Iteration=Iteration1, DataSheet=SPlanning_Testdata, SuiteFileName=C:\Users\1034567\Documents\PowerBI_UIAutomation\test-data\ExecutionController.xlsx}, {RowNumber=358, Description=TC21_Check if all chart titles are free from typo errors, CallSequence=verifyDisplayInsights_Space, TestCaseID=SpacePlan_TC21, Iteration=Iteration1, DataSheet=SPlanning_Testdata, SuiteFileName=C:\Users\1034567\Documents\PowerBI_UIAutomation\test-data\ExecutionController.xlsx}]]]>
              </value>
            </param>
          </params>
          <reporter-output>
          </reporter-output>
        </test-method> <!-- BaseTestNGExecutor -->
        <test-method is-config="true" signature="afterMethod(org.testng.ITestResult)[pri:0, instance:[BaseTestNG passed=0 failed=0 skipped=0]]" started-at="2022-09-01T22:22:49 IST" name="afterMethod" finished-at="2022-09-01T22:22:50 IST" duration-ms="493" status="PASS">
          <params>
            <param index="0">
              <value>
                <![CDATA[[TestResult name=BaseTestNGExecutor on [BaseTestNG passed=0 failed=0 skipped=0] status=SUCCESS method=BaseTestNG.BaseTestNGExecutor(java.util.List)[pri:0, instance:[BaseTestNG passed=0 failed=0 skipped=0]] output={null}]]]>
              </value>
            </param>
          </params>
          <reporter-output>
          </reporter-output>
        </test-method> <!-- afterMethod -->
        <test-method is-config="true" signature="beforeMethod(java.lang.reflect.Method)[pri:0, instance:[BaseTestNG passed=0 failed=0 skipped=0]]" started-at="2022-09-01T22:22:50 IST" name="beforeMethod" finished-at="2022-09-01T22:22:50 IST" duration-ms="1" status="PASS">
          <params>
            <param index="0">
              <value>
                <![CDATA[public void testlogic.BaseTestNG.BaseTestNGExecutor(java.util.List)]]>
              </value>
            </param>
          </params>
          <reporter-output>
          </reporter-output>
        </test-method> <!-- beforeMethod -->
        <test-method signature="BaseTestNGExecutor(java.util.List)[pri:0, instance:[BaseTestNG passed=0 failed=0 skipped=0]]" started-at="2022-09-01T22:22:50 IST" name="BaseTestNGExecutor" data-provider="DataProvider" finished-at="2022-09-01T22:23:16 IST" duration-ms="26470" status="PASS">
          <params>
            <param index="0">
              <value>
                <![CDATA[[{RowNumber=447, Description=TC47_Check if there is data in the drop down, CallSequence=login, TestCaseID=SpacePlan_TC47, Iteration=Iteration1, DataSheet=SPlanning_Testdata, SuiteFileName=C:\Users\1034567\Documents\PowerBI_UIAutomation\test-data\ExecutionController.xlsx}, {RowNumber=448, Description=TC47_Check if there is data in the drop down, CallSequence=validate_InventoryTurns_Chart_Space, TestCaseID=SpacePlan_TC47, Iteration=Iteration1, DataSheet=SPlanning_Testdata, SuiteFileName=C:\Users\1034567\Documents\PowerBI_UIAutomation\test-data\ExecutionController.xlsx}, {RowNumber=449, Description=TC47_Check if there is data in the drop down, CallSequence=validateDropDownHasData_Space, TestCaseID=SpacePlan_TC47, Iteration=Iteration1, DataSheet=SPlanning_Testdata, SuiteFileName=C:\Users\1034567\Documents\PowerBI_UIAutomation\test-data\ExecutionController.xlsx}]]]>
              </value>
            </param>
          </params>
          <reporter-output>
          </reporter-output>
        </test-method> <!-- BaseTestNGExecutor -->
        <test-method is-config="true" signature="afterMethod(org.testng.ITestResult)[pri:0, instance:[BaseTestNG passed=0 failed=0 skipped=0]]" started-at="2022-09-01T22:23:16 IST" name="afterMethod" finished-at="2022-09-01T22:23:17 IST" duration-ms="297" status="PASS">
          <params>
            <param index="0">
              <value>
                <![CDATA[[TestResult name=BaseTestNGExecutor on [BaseTestNG passed=0 failed=0 skipped=0] status=SUCCESS method=BaseTestNG.BaseTestNGExecutor(java.util.List)[pri:0, instance:[BaseTestNG passed=0 failed=0 skipped=0]] output={null}]]]>
              </value>
            </param>
          </params>
          <reporter-output>
          </reporter-output>
        </test-method> <!-- afterMethod -->
        <test-method is-config="true" signature="afterSuite()[pri:0, instance:[BaseTestNG passed=0 failed=0 skipped=0]]" started-at="2022-09-01T22:23:17 IST" name="afterSuite" finished-at="2022-09-01T22:23:18 IST" duration-ms="822" status="PASS">
          <reporter-output>
          </reporter-output>
        </test-method> <!-- afterSuite -->
      </class> <!-- testlogic.BaseTestNG -->
    </test> <!-- Default test -->
  </suite> <!-- Default suite -->
</testng-results>
