<?xml version="1.0" encoding="UTF-8"?>
<testng-results ignored="0" total="5" passed="5" failed="0" skipped="0">
  <reporter-output>
  </reporter-output>
  <suite started-at="2022-09-15T16:18:38 IST" name="Default suite" finished-at="2022-09-15T16:23:41 IST" duration-ms="302697">
    <groups>
    </groups>
    <test started-at="2022-09-15T16:18:38 IST" name="Default test" finished-at="2022-09-15T16:23:41 IST" duration-ms="302697">
      <class name="testlogic.BaseTestNG">
        <test-method is-config="true" signature="killProcess()[pri:0, instance:[BaseTestNG passed=0 failed=0 skipped=0]]" started-at="2022-09-15T16:18:38 IST" name="killProcess" finished-at="2022-09-15T16:18:38 IST" duration-ms="24" status="PASS">
          <reporter-output>
          </reporter-output>
        </test-method> <!-- killProcess -->
        <test-method is-config="true" signature="beforeMethod(java.lang.reflect.Method)[pri:0, instance:[BaseTestNG passed=0 failed=0 skipped=0]]" started-at="2022-09-15T16:18:40 IST" name="beforeMethod" finished-at="2022-09-15T16:18:40 IST" duration-ms="193" status="PASS">
          <params>
            <param index="0">
              <value>
                <![CDATA[public void testlogic.BaseTestNG.BaseTestNGExecutor(java.util.List)]]>
              </value>
            </param>
          </params>
          <reporter-output>
          </reporter-output>
        </test-method> <!-- beforeMethod -->
        <test-method signature="BaseTestNGExecutor(java.util.List)[pri:0, instance:[BaseTestNG passed=0 failed=0 skipped=0]]" started-at="2022-09-15T16:18:40 IST" name="BaseTestNGExecutor" data-provider="DataProvider" finished-at="2022-09-15T16:20:32 IST" duration-ms="111781" status="PASS">
          <params>
            <param index="0">
              <value>
                <![CDATA[[{RowNumber=2, Description=TC01_Check if the Category dropdown has data, CallSequence=login, TestCaseID=AssortInsight_TC01, Iteration=Iteration1, DataSheet=TestData, SuiteFileName=C:\Users\1034514\PowerBI_BY\PowerBI_UIAutomation\test-data\Assortment_Insight.xlsx}, {RowNumber=3, Description=TC01_Check if the Category dropdown has data, CallSequence=validateDropDownHasData_Assort, TestCaseID=AssortInsight_TC01, Iteration=Iteration1, DataSheet=TestData, SuiteFileName=C:\Users\1034514\PowerBI_BY\PowerBI_UIAutomation\test-data\Assortment_Insight.xlsx}]]]>
              </value>
            </param>
          </params>
          <reporter-output>
          </reporter-output>
        </test-method> <!-- BaseTestNGExecutor -->
        <test-method is-config="true" signature="afterMethod(org.testng.ITestResult)[pri:0, instance:[BaseTestNG passed=0 failed=0 skipped=0]]" started-at="2022-09-15T16:20:32 IST" name="afterMethod" finished-at="2022-09-15T16:20:32 IST" duration-ms="570" status="PASS">
          <params>
            <param index="0">
              <value>
                <![CDATA[[TestResult name=BaseTestNGExecutor on [BaseTestNG passed=0 failed=0 skipped=0] status=SUCCESS method=BaseTestNG.BaseTestNGExecutor(java.util.List)[pri:0, instance:[BaseTestNG passed=0 failed=0 skipped=0]] output={null}]]]>
              </value>
            </param>
          </params>
          <reporter-output>
          </reporter-output>
        </test-method> <!-- afterMethod -->
        <test-method signature="BaseTestNGExecutor(java.util.List)[pri:0, instance:[BaseTestNG passed=0 failed=0 skipped=0]]" started-at="2022-09-15T16:20:32 IST" name="BaseTestNGExecutor" data-provider="DataProvider" finished-at="2022-09-15T16:21:20 IST" duration-ms="47745" status="PASS">
          <params>
            <param index="0">
              <value>
                <![CDATA[[{RowNumber=14, Description=TC05_Check if the  Brand dropdown has data, CallSequence=login, TestCaseID=AssortInsight_TC05, Iteration=Iteration1, DataSheet=TestData, SuiteFileName=C:\Users\1034514\PowerBI_BY\PowerBI_UIAutomation\test-data\Assortment_Insight.xlsx}, {RowNumber=15, Description=TC05_Check if the  Brand dropdown has data, CallSequence=validateDropDownHasData_Assort, TestCaseID=AssortInsight_TC05, Iteration=Iteration1, DataSheet=TestData, SuiteFileName=C:\Users\1034514\PowerBI_BY\PowerBI_UIAutomation\test-data\Assortment_Insight.xlsx}]]]>
              </value>
            </param>
          </params>
          <reporter-output>
          </reporter-output>
        </test-method> <!-- BaseTestNGExecutor -->
        <test-method is-config="true" signature="beforeMethod(java.lang.reflect.Method)[pri:0, instance:[BaseTestNG passed=0 failed=0 skipped=0]]" started-at="2022-09-15T16:20:32 IST" name="beforeMethod" finished-at="2022-09-15T16:20:32 IST" duration-ms="0" status="PASS">
          <params>
            <param index="0">
              <value>
                <![CDATA[public void testlogic.BaseTestNG.BaseTestNGExecutor(java.util.List)]]>
              </value>
            </param>
          </params>
          <reporter-output>
          </reporter-output>
        </test-method> <!-- beforeMethod -->
        <test-method is-config="true" signature="afterMethod(org.testng.ITestResult)[pri:0, instance:[BaseTestNG passed=0 failed=0 skipped=0]]" started-at="2022-09-15T16:21:20 IST" name="afterMethod" finished-at="2022-09-15T16:21:21 IST" duration-ms="521" status="PASS">
          <params>
            <param index="0">
              <value>
                <![CDATA[[TestResult name=BaseTestNGExecutor on [BaseTestNG passed=0 failed=0 skipped=0] status=SUCCESS method=BaseTestNG.BaseTestNGExecutor(java.util.List)[pri:0, instance:[BaseTestNG passed=0 failed=0 skipped=0]] output={null}]]]>
              </value>
            </param>
          </params>
          <reporter-output>
          </reporter-output>
        </test-method> <!-- afterMethod -->
        <test-method is-config="true" signature="beforeMethod(java.lang.reflect.Method)[pri:0, instance:[BaseTestNG passed=0 failed=0 skipped=0]]" started-at="2022-09-15T16:21:21 IST" name="beforeMethod" finished-at="2022-09-15T16:21:21 IST" duration-ms="1" status="PASS">
          <params>
            <param index="0">
              <value>
                <![CDATA[public void testlogic.BaseTestNG.BaseTestNGExecutor(java.util.List)]]>
              </value>
            </param>
          </params>
          <reporter-output>
          </reporter-output>
        </test-method> <!-- beforeMethod -->
        <test-method signature="BaseTestNGExecutor(java.util.List)[pri:0, instance:[BaseTestNG passed=0 failed=0 skipped=0]]" started-at="2022-09-15T16:21:21 IST" name="BaseTestNGExecutor" data-provider="DataProvider" finished-at="2022-09-15T16:22:09 IST" duration-ms="48380" status="PASS">
          <params>
            <param index="0">
              <value>
                <![CDATA[[{RowNumber=11, Description=TC04_Check if Sub category dropdown select all option is enabled, CallSequence=login, TestCaseID=AssortInsight_TC04, Iteration=Iteration1, DataSheet=TestData, SuiteFileName=C:\Users\1034514\PowerBI_BY\PowerBI_UIAutomation\test-data\Assortment_Insight.xlsx}, {RowNumber=12, Description=TC04_Check if Sub category dropdown select all option is enabled, CallSequence=validateValueInDropDown_Assort, TestCaseID=AssortInsight_TC04, Iteration=Iteration1, DataSheet=TestData, SuiteFileName=C:\Users\1034514\PowerBI_BY\PowerBI_UIAutomation\test-data\Assortment_Insight.xlsx}]]]>
              </value>
            </param>
          </params>
          <reporter-output>
          </reporter-output>
        </test-method> <!-- BaseTestNGExecutor -->
        <test-method is-config="true" signature="afterMethod(org.testng.ITestResult)[pri:0, instance:[BaseTestNG passed=0 failed=0 skipped=0]]" started-at="2022-09-15T16:22:09 IST" name="afterMethod" finished-at="2022-09-15T16:22:09 IST" duration-ms="540" status="PASS">
          <params>
            <param index="0">
              <value>
                <![CDATA[[TestResult name=BaseTestNGExecutor on [BaseTestNG passed=0 failed=0 skipped=0] status=SUCCESS method=BaseTestNG.BaseTestNGExecutor(java.util.List)[pri:0, instance:[BaseTestNG passed=0 failed=0 skipped=0]] output={null}]]]>
              </value>
            </param>
          </params>
          <reporter-output>
          </reporter-output>
        </test-method> <!-- afterMethod -->
        <test-method is-config="true" signature="beforeMethod(java.lang.reflect.Method)[pri:0, instance:[BaseTestNG passed=0 failed=0 skipped=0]]" started-at="2022-09-15T16:22:09 IST" name="beforeMethod" finished-at="2022-09-15T16:22:09 IST" duration-ms="1" status="PASS">
          <params>
            <param index="0">
              <value>
                <![CDATA[public void testlogic.BaseTestNG.BaseTestNGExecutor(java.util.List)]]>
              </value>
            </param>
          </params>
          <reporter-output>
          </reporter-output>
        </test-method> <!-- beforeMethod -->
        <test-method signature="BaseTestNGExecutor(java.util.List)[pri:0, instance:[BaseTestNG passed=0 failed=0 skipped=0]]" started-at="2022-09-15T16:22:09 IST" name="BaseTestNGExecutor" data-provider="DataProvider" finished-at="2022-09-15T16:22:55 IST" duration-ms="45794" status="PASS">
          <params>
            <param index="0">
              <value>
                <![CDATA[[{RowNumber=8, Description=TC03_Check if the Sub Category dropdown has data, CallSequence=login, TestCaseID=AssortInsight_TC03, Iteration=Iteration1, DataSheet=TestData, SuiteFileName=C:\Users\1034514\PowerBI_BY\PowerBI_UIAutomation\test-data\Assortment_Insight.xlsx}, {RowNumber=9, Description=TC03_Check if the Sub Category dropdown has data, CallSequence=validateDropDownHasData_Assort, TestCaseID=AssortInsight_TC03, Iteration=Iteration1, DataSheet=TestData, SuiteFileName=C:\Users\1034514\PowerBI_BY\PowerBI_UIAutomation\test-data\Assortment_Insight.xlsx}]]]>
              </value>
            </param>
          </params>
          <reporter-output>
          </reporter-output>
        </test-method> <!-- BaseTestNGExecutor -->
        <test-method is-config="true" signature="afterMethod(org.testng.ITestResult)[pri:0, instance:[BaseTestNG passed=0 failed=0 skipped=0]]" started-at="2022-09-15T16:22:55 IST" name="afterMethod" finished-at="2022-09-15T16:22:55 IST" duration-ms="241" status="PASS">
          <params>
            <param index="0">
              <value>
                <![CDATA[[TestResult name=BaseTestNGExecutor on [BaseTestNG passed=0 failed=0 skipped=0] status=SUCCESS method=BaseTestNG.BaseTestNGExecutor(java.util.List)[pri:0, instance:[BaseTestNG passed=0 failed=0 skipped=0]] output={null}]]]>
              </value>
            </param>
          </params>
          <reporter-output>
          </reporter-output>
        </test-method> <!-- afterMethod -->
        <test-method is-config="true" signature="beforeMethod(java.lang.reflect.Method)[pri:0, instance:[BaseTestNG passed=0 failed=0 skipped=0]]" started-at="2022-09-15T16:22:55 IST" name="beforeMethod" finished-at="2022-09-15T16:22:55 IST" duration-ms="2" status="PASS">
          <params>
            <param index="0">
              <value>
                <![CDATA[public void testlogic.BaseTestNG.BaseTestNGExecutor(java.util.List)]]>
              </value>
            </param>
          </params>
          <reporter-output>
          </reporter-output>
        </test-method> <!-- beforeMethod -->
        <test-method signature="BaseTestNGExecutor(java.util.List)[pri:0, instance:[BaseTestNG passed=0 failed=0 skipped=0]]" started-at="2022-09-15T16:22:55 IST" name="BaseTestNGExecutor" data-provider="DataProvider" finished-at="2022-09-15T16:23:41 IST" duration-ms="45313" status="PASS">
          <params>
            <param index="0">
              <value>
                <![CDATA[[{RowNumber=5, Description=TC02_Check if category dropdown select all option is enabled, CallSequence=login, TestCaseID=AssortInsight_TC02, Iteration=Iteration1, DataSheet=TestData, SuiteFileName=C:\Users\1034514\PowerBI_BY\PowerBI_UIAutomation\test-data\Assortment_Insight.xlsx}, {RowNumber=6, Description=TC02_Check if category dropdown select all option is enabled, CallSequence=validateValueInDropDown_Assort, TestCaseID=AssortInsight_TC02, Iteration=Iteration1, DataSheet=TestData, SuiteFileName=C:\Users\1034514\PowerBI_BY\PowerBI_UIAutomation\test-data\Assortment_Insight.xlsx}]]]>
              </value>
            </param>
          </params>
          <reporter-output>
          </reporter-output>
        </test-method> <!-- BaseTestNGExecutor -->
        <test-method is-config="true" signature="afterMethod(org.testng.ITestResult)[pri:0, instance:[BaseTestNG passed=0 failed=0 skipped=0]]" started-at="2022-09-15T16:23:41 IST" name="afterMethod" finished-at="2022-09-15T16:23:41 IST" duration-ms="275" status="PASS">
          <params>
            <param index="0">
              <value>
                <![CDATA[[TestResult name=BaseTestNGExecutor on [BaseTestNG passed=0 failed=0 skipped=0] status=SUCCESS method=BaseTestNG.BaseTestNGExecutor(java.util.List)[pri:0, instance:[BaseTestNG passed=0 failed=0 skipped=0]] output={null}]]]>
              </value>
            </param>
          </params>
          <reporter-output>
          </reporter-output>
        </test-method> <!-- afterMethod -->
        <test-method is-config="true" signature="afterSuite()[pri:0, instance:[BaseTestNG passed=0 failed=0 skipped=0]]" started-at="2022-09-15T16:23:41 IST" name="afterSuite" finished-at="2022-09-15T16:23:42 IST" duration-ms="772" status="PASS">
          <reporter-output>
          </reporter-output>
        </test-method> <!-- afterSuite -->
      </class> <!-- testlogic.BaseTestNG -->
    </test> <!-- Default test -->
  </suite> <!-- Default suite -->
</testng-results>
