<?xml version="1.0" encoding="UTF-8"?>
<testng-results ignored="0" total="2" passed="2" failed="0" skipped="0">
  <reporter-output>
  </reporter-output>
  <suite started-at="2022-09-01T20:20:24 IST" name="Default suite" finished-at="2022-09-01T20:21:44 IST" duration-ms="79261">
    <groups>
    </groups>
    <test started-at="2022-09-01T20:20:24 IST" name="Default test" finished-at="2022-09-01T20:21:44 IST" duration-ms="79261">
      <class name="testlogic.BaseTestNG">
        <test-method is-config="true" signature="killProcess()[pri:0, instance:[BaseTestNG passed=0 failed=0 skipped=0]]" started-at="2022-09-01T20:20:24 IST" name="killProcess" finished-at="2022-09-01T20:20:24 IST" duration-ms="19" status="PASS">
          <reporter-output>
          </reporter-output>
        </test-method> <!-- killProcess -->
        <test-method is-config="true" signature="beforeMethod(java.lang.reflect.Method)[pri:0, instance:[BaseTestNG passed=0 failed=0 skipped=0]]" started-at="2022-09-01T20:20:26 IST" name="beforeMethod" finished-at="2022-09-01T20:20:26 IST" duration-ms="149" status="PASS">
          <params>
            <param index="0">
              <value>
                <![CDATA[public void testlogic.BaseTestNG.BaseTestNGExecutor(java.util.List)]]>
              </value>
            </param>
          </params>
          <reporter-output>
          </reporter-output>
        </test-method> <!-- beforeMethod -->
        <test-method signature="BaseTestNGExecutor(java.util.List)[pri:0, instance:[BaseTestNG passed=0 failed=0 skipped=0]]" started-at="2022-09-01T20:20:26 IST" name="BaseTestNGExecutor" data-provider="DataProvider" finished-at="2022-09-01T20:20:58 IST" duration-ms="31973" status="PASS">
          <params>
            <param index="0">
              <value>
                <![CDATA[[{RowNumber=505, Description=TC74_Supplier Score_Chart_Check if the X axis months are sorted in ascending order, CallSequence=login, TestCaseID=SupplierInsight_TC74, Iteration=Iteration1, DataSheet=SupplierInsight_TestData, SuiteFileName=C:\Users\1034567\Documents\PowerBI_UIAutomation\test-data\ExecutionController.xlsx}, {RowNumber=506, Description=TC74_Supplier Score_Chart_Check if the X axis months are sorted in ascending order, CallSequence=gotoSupplierScore_Suppplier, TestCaseID=SupplierInsight_TC74, Iteration=Iteration1, DataSheet=SupplierInsight_TestData, SuiteFileName=C:\Users\1034567\Documents\PowerBI_UIAutomation\test-data\ExecutionController.xlsx}, {RowNumber=507, Description=TC74_Supplier Score_Chart_Check if the X axis months are sorted in ascending order, CallSequence=validateChartHasAscendingMonths_Suppplier, TestCaseID=SupplierInsight_TC74, Iteration=Iteration1, DataSheet=SupplierInsight_TestData, SuiteFileName=C:\Users\1034567\Documents\PowerBI_UIAutomation\test-data\ExecutionController.xlsx}]]]>
              </value>
            </param>
          </params>
          <reporter-output>
          </reporter-output>
        </test-method> <!-- BaseTestNGExecutor -->
        <test-method is-config="true" signature="afterMethod(org.testng.ITestResult)[pri:0, instance:[BaseTestNG passed=0 failed=0 skipped=0]]" started-at="2022-09-01T20:20:58 IST" name="afterMethod" finished-at="2022-09-01T20:20:59 IST" duration-ms="437" status="PASS">
          <params>
            <param index="0">
              <value>
                <![CDATA[[TestResult name=BaseTestNGExecutor on [BaseTestNG passed=0 failed=0 skipped=0] status=SUCCESS method=BaseTestNG.BaseTestNGExecutor(java.util.List)[pri:0, instance:[BaseTestNG passed=0 failed=0 skipped=0]] output={null}]]]>
              </value>
            </param>
          </params>
          <reporter-output>
          </reporter-output>
        </test-method> <!-- afterMethod -->
        <test-method is-config="true" signature="beforeMethod(java.lang.reflect.Method)[pri:0, instance:[BaseTestNG passed=0 failed=0 skipped=0]]" started-at="2022-09-01T20:20:59 IST" name="beforeMethod" finished-at="2022-09-01T20:20:59 IST" duration-ms="1" status="PASS">
          <params>
            <param index="0">
              <value>
                <![CDATA[public void testlogic.BaseTestNG.BaseTestNGExecutor(java.util.List)]]>
              </value>
            </param>
          </params>
          <reporter-output>
          </reporter-output>
        </test-method> <!-- beforeMethod -->
        <test-method signature="BaseTestNGExecutor(java.util.List)[pri:0, instance:[BaseTestNG passed=0 failed=0 skipped=0]]" started-at="2022-09-01T20:20:59 IST" name="BaseTestNGExecutor" data-provider="DataProvider" finished-at="2022-09-01T20:21:43 IST" duration-ms="44565" status="PASS">
          <params>
            <param index="0">
              <value>
                <![CDATA[[{RowNumber=556, Description=TC85_Supplier Score_Chart_Check if the X axis months are sorted in ascending order, CallSequence=login, TestCaseID=SupplierInsight_TC85, Iteration=Iteration1, DataSheet=SupplierInsight_TestData, SuiteFileName=C:\Users\1034567\Documents\PowerBI_UIAutomation\test-data\ExecutionController.xlsx}, {RowNumber=557, Description=TC85_Supplier Score_Chart_Check if the X axis months are sorted in ascending order, CallSequence=gotoSupplierScore_Suppplier, TestCaseID=SupplierInsight_TC85, Iteration=Iteration1, DataSheet=SupplierInsight_TestData, SuiteFileName=C:\Users\1034567\Documents\PowerBI_UIAutomation\test-data\ExecutionController.xlsx}, {RowNumber=558, Description=TC85_Supplier Score_Chart_Check if the X axis months are sorted in ascending order, CallSequence=goto_HowIsTheItemSupplierScoreTrendingAcrossMonths_Supplier, TestCaseID=SupplierInsight_TC85, Iteration=Iteration1, DataSheet=SupplierInsight_TestData, SuiteFileName=C:\Users\1034567\Documents\PowerBI_UIAutomation\test-data\ExecutionController.xlsx}, {RowNumber=559, Description=TC85_Supplier Score_Chart_Check if the X axis months are sorted in ascending order, CallSequence=validateChartHasAscendingMonths_Suppplier, TestCaseID=SupplierInsight_TC85, Iteration=Iteration1, DataSheet=SupplierInsight_TestData, SuiteFileName=C:\Users\1034567\Documents\PowerBI_UIAutomation\test-data\ExecutionController.xlsx}]]]>
              </value>
            </param>
          </params>
          <reporter-output>
          </reporter-output>
        </test-method> <!-- BaseTestNGExecutor -->
        <test-method is-config="true" signature="afterMethod(org.testng.ITestResult)[pri:0, instance:[BaseTestNG passed=0 failed=0 skipped=0]]" started-at="2022-09-01T20:21:43 IST" name="afterMethod" finished-at="2022-09-01T20:21:44 IST" duration-ms="249" status="PASS">
          <params>
            <param index="0">
              <value>
                <![CDATA[[TestResult name=BaseTestNGExecutor on [BaseTestNG passed=0 failed=0 skipped=0] status=SUCCESS method=BaseTestNG.BaseTestNGExecutor(java.util.List)[pri:0, instance:[BaseTestNG passed=0 failed=0 skipped=0]] output={null}]]]>
              </value>
            </param>
          </params>
          <reporter-output>
          </reporter-output>
        </test-method> <!-- afterMethod -->
        <test-method is-config="true" signature="afterSuite()[pri:0, instance:[BaseTestNG passed=0 failed=0 skipped=0]]" started-at="2022-09-01T20:21:44 IST" name="afterSuite" finished-at="2022-09-01T20:21:44 IST" duration-ms="456" status="PASS">
          <reporter-output>
          </reporter-output>
        </test-method> <!-- afterSuite -->
      </class> <!-- testlogic.BaseTestNG -->
    </test> <!-- Default test -->
  </suite> <!-- Default suite -->
</testng-results>
