<?xml version="1.0" encoding="UTF-8"?>
<testng-results ignored="0" total="2" passed="2" failed="0" skipped="0">
  <reporter-output>
  </reporter-output>
  <suite started-at="2022-08-22T22:59:55 IST" name="Default suite" finished-at="2022-08-22T23:00:59 IST" duration-ms="63215">
    <groups>
    </groups>
    <test started-at="2022-08-22T22:59:55 IST" name="Default test" finished-at="2022-08-22T23:00:59 IST" duration-ms="63215">
      <class name="testlogic.BaseTestNG">
        <test-method is-config="true" signature="killProcess()[pri:0, instance:[BaseTestNG passed=0 failed=0 skipped=0]]" started-at="2022-08-22T22:59:55 IST" name="killProcess" finished-at="2022-08-22T22:59:55 IST" duration-ms="21" status="PASS">
          <reporter-output>
          </reporter-output>
        </test-method> <!-- killProcess -->
        <test-method is-config="true" signature="beforeMethod(java.lang.reflect.Method)[pri:0, instance:[BaseTestNG passed=0 failed=0 skipped=0]]" started-at="2022-08-22T22:59:57 IST" name="beforeMethod" finished-at="2022-08-22T22:59:57 IST" duration-ms="353" status="PASS">
          <params>
            <param index="0">
              <value>
                <![CDATA[public void testlogic.BaseTestNG.BaseTestNGExecutor(java.util.List)]]>
              </value>
            </param>
          </params>
          <reporter-output>
          </reporter-output>
        </test-method> <!-- beforeMethod -->
        <test-method signature="BaseTestNGExecutor(java.util.List)[pri:0, instance:[BaseTestNG passed=0 failed=0 skipped=0]]" started-at="2022-08-22T22:59:57 IST" name="BaseTestNGExecutor" data-provider="DataProvider" finished-at="2022-08-22T23:00:23 IST" duration-ms="25618" status="PASS">
          <params>
            <param index="0">
              <value>
                <![CDATA[[{RowNumber=7, Description=TC02_Lead Time Analysis_Filter_Check if the drop down has Select All Option, CallSequence=login, TestCaseID=APPM_TC02, Iteration=Iteration1, DataSheet=APPM_TestData, SuiteFileName=C:\Users\1034567\Documents\TestNG_Automation\test-data\ExecutionController.xlsx}, {RowNumber=8, Description=TC02_Lead Time Analysis_Filter_Check if the drop down has Select All Option, CallSequence=gotoLeadTimeAnalysis, TestCaseID=APPM_TC02, Iteration=Iteration1, DataSheet=APPM_TestData, SuiteFileName=C:\Users\1034567\Documents\TestNG_Automation\test-data\ExecutionController.xlsx}, {RowNumber=9, Description=TC02_Lead Time Analysis_Filter_Check if the drop down has Select All Option, CallSequence=gotoSupplierLeadTime, TestCaseID=APPM_TC02, Iteration=Iteration1, DataSheet=APPM_TestData, SuiteFileName=C:\Users\1034567\Documents\TestNG_Automation\test-data\ExecutionController.xlsx}, {RowNumber=10, Description=TC02_Lead Time Analysis_Filter_Check if the drop down has Select All Option, CallSequence=validateValueInDropDown, TestCaseID=APPM_TC02, Iteration=Iteration1, DataSheet=APPM_TestData, SuiteFileName=C:\Users\1034567\Documents\TestNG_Automation\test-data\ExecutionController.xlsx}]]]>
              </value>
            </param>
          </params>
          <reporter-output>
          </reporter-output>
        </test-method> <!-- BaseTestNGExecutor -->
        <test-method is-config="true" signature="afterMethod(org.testng.ITestResult)[pri:0, instance:[BaseTestNG passed=0 failed=0 skipped=0]]" started-at="2022-08-22T23:00:23 IST" name="afterMethod" finished-at="2022-08-22T23:00:23 IST" duration-ms="227" status="PASS">
          <params>
            <param index="0">
              <value>
                <![CDATA[[TestResult name=BaseTestNGExecutor on [BaseTestNG passed=0 failed=0 skipped=0] status=SUCCESS method=BaseTestNG.BaseTestNGExecutor(java.util.List)[pri:0, instance:[BaseTestNG passed=0 failed=0 skipped=0]] output={null}]]]>
              </value>
            </param>
          </params>
          <reporter-output>
          </reporter-output>
        </test-method> <!-- afterMethod -->
        <test-method is-config="true" signature="beforeMethod(java.lang.reflect.Method)[pri:0, instance:[BaseTestNG passed=0 failed=0 skipped=0]]" started-at="2022-08-22T23:00:23 IST" name="beforeMethod" finished-at="2022-08-22T23:00:23 IST" duration-ms="1" status="PASS">
          <params>
            <param index="0">
              <value>
                <![CDATA[public void testlogic.BaseTestNG.BaseTestNGExecutor(java.util.List)]]>
              </value>
            </param>
          </params>
          <reporter-output>
          </reporter-output>
        </test-method> <!-- beforeMethod -->
        <test-method signature="BaseTestNGExecutor(java.util.List)[pri:0, instance:[BaseTestNG passed=0 failed=0 skipped=0]]" started-at="2022-08-22T23:00:23 IST" name="BaseTestNGExecutor" data-provider="DataProvider" finished-at="2022-08-22T23:00:59 IST" duration-ms="35852" status="PASS">
          <params>
            <param index="0">
              <value>
                <![CDATA[[{RowNumber=2, Description=TC01_Lead Time Analysis_Filter_Check if the drop down has data, CallSequence=login, TestCaseID=APPM_TC01, Iteration=Iteration1, DataSheet=APPM_TestData, SuiteFileName=C:\Users\1034567\Documents\TestNG_Automation\test-data\ExecutionController.xlsx}, {RowNumber=3, Description=TC01_Lead Time Analysis_Filter_Check if the drop down has data, CallSequence=gotoLeadTimeAnalysis, TestCaseID=APPM_TC01, Iteration=Iteration1, DataSheet=APPM_TestData, SuiteFileName=C:\Users\1034567\Documents\TestNG_Automation\test-data\ExecutionController.xlsx}, {RowNumber=4, Description=TC01_Lead Time Analysis_Filter_Check if the drop down has data, CallSequence=gotoSupplierLeadTime, TestCaseID=APPM_TC01, Iteration=Iteration1, DataSheet=APPM_TestData, SuiteFileName=C:\Users\1034567\Documents\TestNG_Automation\test-data\ExecutionController.xlsx}, {RowNumber=5, Description=TC01_Lead Time Analysis_Filter_Check if the drop down has data, CallSequence=validateDropDownHasData, TestCaseID=APPM_TC01, Iteration=Iteration1, DataSheet=APPM_TestData, SuiteFileName=C:\Users\1034567\Documents\TestNG_Automation\test-data\ExecutionController.xlsx}]]]>
              </value>
            </param>
          </params>
          <reporter-output>
          </reporter-output>
        </test-method> <!-- BaseTestNGExecutor -->
        <test-method is-config="true" signature="afterMethod(org.testng.ITestResult)[pri:0, instance:[BaseTestNG passed=0 failed=0 skipped=0]]" started-at="2022-08-22T23:00:59 IST" name="afterMethod" finished-at="2022-08-22T23:00:59 IST" duration-ms="39" status="PASS">
          <params>
            <param index="0">
              <value>
                <![CDATA[[TestResult name=BaseTestNGExecutor on [BaseTestNG passed=0 failed=0 skipped=0] status=SUCCESS method=BaseTestNG.BaseTestNGExecutor(java.util.List)[pri:0, instance:[BaseTestNG passed=0 failed=0 skipped=0]] output={null}]]]>
              </value>
            </param>
          </params>
          <reporter-output>
          </reporter-output>
        </test-method> <!-- afterMethod -->
        <test-method is-config="true" signature="afterSuite()[pri:0, instance:[BaseTestNG passed=0 failed=0 skipped=0]]" started-at="2022-08-22T23:00:59 IST" name="afterSuite" finished-at="2022-08-22T23:00:59 IST" duration-ms="573" status="PASS">
          <reporter-output>
          </reporter-output>
        </test-method> <!-- afterSuite -->
      </class> <!-- testlogic.BaseTestNG -->
    </test> <!-- Default test -->
  </suite> <!-- Default suite -->
</testng-results>
